<?xml version="1.0" encoding="UTF-8"?>
<!-- Generated by org.testng.reporters.JUnitReportReporter -->
<testsuite skipped="0" hostname="SVRODK00075" name="test.BasicTab3Test" tests="1" failures="0" timestamp="02 Aug 2018 13:01:59 GMT" time="6.164" errors="0">
  <testcase name="basicTab3Test" time="6.164" classname="test.BasicTab3Test"/>
</testsuite> <!-- test.BasicTab3Test -->
